2026-01-14 22:29:14.236 [main] INFO  o.s.d.r.c.RepositoryConfigurationDelegate - Bootstrapping Spring Data JDBC repositories in DEFAULT mode.
2026-01-14 22:29:14.265 [main] INFO  o.s.d.r.c.RepositoryConfigurationDelegate - Finished Spring Data repository scanning in 24 ms. Found 1 JDBC repository interface.
2026-01-14 22:29:14.266 [main] INFO  o.s.d.r.c.RepositoryConfigurationDelegate - Bootstrapping Spring Data JDBC repositories in DEFAULT mode.
2026-01-14 22:29:14.268 [main] INFO  o.s.d.r.c.RepositoryConfigurationDelegate - Finished Spring Data repository scanning in 1 ms. Found 1 JDBC repository interface.
2026-01-14 22:29:14.369 [main] INFO  c.e.j.r.impl.JSONBeverageRepository - Successfully loaded 4 beverages from JSON file
2026-01-14 22:29:14.369 [main] INFO  c.e.j.r.impl.JSONBeverageRepository - JSONBeverageRepository initialized with 4 beverages
2026-01-14 22:29:14.378 [main] INFO  c.e.j.c.DatabaseConfiguration - Configuring H2 embedded database
2026-01-14 22:29:14.381 [main] INFO  o.s.j.d.e.EmbeddedDatabaseFactory - Starting embedded database: url='jdbc:h2:mem:testdb;DB_CLOSE_DELAY=-1;DB_CLOSE_ON_EXIT=false', username='sa'
2026-01-14 22:29:14.442 [main] INFO  c.e.j.c.DatabaseConfiguration - H2 database configured successfully
2026-01-14 22:29:14.444 [main] INFO  c.e.j.c.DatabaseConfiguration - Creating JdbcTemplate bean
2026-01-14 22:29:14.533 [main] DEBUG c.e.j.r.impl.JSONBeverageRepository - Fetching beverage by ID: 2
2026-01-14 22:29:14.534 [main] DEBUG c.e.j.r.impl.JSONBeverageRepository - Fetching beverage by ID: 3
2026-01-14 22:29:14.534 [main] DEBUG c.e.j.r.impl.JSONBeverageRepository - Fetching beverage by ID: 1
2026-01-14 22:29:14.534 [main] INFO  c.e.j.r.impl.JSONBeverageRepository - Fetching all beverages from JSON repository
2026-01-14 22:29:14.534 [main] DEBUG c.e.j.r.impl.JSONBeverageRepository - Total beverages available: 4
2026-01-14 22:29:18.543 [main] INFO  c.e.j.service.CoffeeMachineService - CoffeeMachineService CONSTRUCTOR called
2026-01-14 22:29:18.544 [main] INFO  c.e.j.service.CoffeeMachineService - CoffeeMachineService started brewing
2026-01-14 22:29:18.544 [main] DEBUG c.e.j.r.impl.JSONBeverageRepository - Fetching beverage by ID: 2
2026-01-14 22:29:18.545 [main] DEBUG c.e.j.r.impl.JSONBeverageRepository - Fetching beverage by ID: 1
2026-01-14 22:29:18.545 [main] DEBUG c.e.j.r.impl.JSONBeverageRepository - Fetching beverage by ID: 2
2026-01-14 22:29:18.545 [main] INFO  c.e.j.service.CoffeeMachineService - Coffee is ready
2026-01-14 22:29:18.547 [main] INFO  o.s.j.d.e.EmbeddedDatabaseFactory - Shutting down embedded database: url='jdbc:h2:mem:testdb;DB_CLOSE_DELAY=-1;DB_CLOSE_ON_EXIT=false'
2026-01-14 22:29:18.550 [main] INFO  c.e.j.r.impl.JSONBeverageRepository - JSONBeverageRepository destroyed
